Build started 2/19/2013 6:05:08 PM.
     1>Project "C:\Qt\Projects\ComputerGraphics\FIT0201CHERESHNEV_TVSet\FIT0201CHERESHNEV_TVSet.vcxproj" on node 2 (Build target(s)).
     1>InitializeBuildStatus:
         Creating "release\FIT0201CHERESHNEV_TVSet.unsuccessfulbuild" because "AlwaysCreate" was specified.
       CustomBuild:
         All outputs are up-to-date.
       ClCompile:
         C:\Program Files\Microsoft Visual Studio 10.0\VC\bin\CL.exe /c /I..\..\..\Qt5.0.1\5.0.1\msvc2010\include /I..\..\..\Qt5.0.1\5.0.1\msvc2010\include\QtWidgets /I..\..\..\Qt5.0.1\5.0.1\msvc2010\include\QtGui /I..\..\..\Qt5.0.1\5.0.1\msvc2010\include\QtCore /Irelease /I. /I"..\..\..\Qt5.0.1\5.0.1\msvc2010\mkspecs\win32-msvc2012" /Zi /nologo /W3 /WX- /O2 /Oy- /D _WINDOWS /D UNICODE /D WIN32 /D QT_NO_DEBUG /D QT_WIDGETS_LIB /D QT_GUI_LIB /D QT_CORE_LIB /D QT_OPENGL_ES_2 /D QT_OPENGL_ES_2_ANGLE /D NDEBUG /Gm- /EHsc /MD /GS- /fp:precise /Zc:wchar_t /Zc:forScope /GR /Fo"release\\" /Fd".\vc110.pdb" /Gd /TP /analyze- /errorReport:prompt -Zm200 -w34100 -w34189 main.cpp
         main.cpp
       Link:
         C:\Program Files\Microsoft Visual Studio 10.0\VC\bin\link.exe /ERRORREPORT:PROMPT /OUT:"release\\FIT0201CHERESHNEV_TVSet.exe" /INCREMENTAL:NO /NOLOGO /LIBPATH:C:\Qt\Qt5.0.1\5.0.1\msvc2010\lib qtmain.lib C:\Qt\Qt5.0.1\5.0.1\msvc2010\lib\Qt5Widgets.lib C:\Qt\Qt5.0.1\5.0.1\msvc2010\lib\Qt5Gui.lib C:\Qt\Qt5.0.1\5.0.1\msvc2010\lib\Qt5Core.lib libEGL.lib libGLESv2.lib gdi32.lib user32.lib kernel32.lib user32.lib gdi32.lib winspool.lib comdlg32.lib advapi32.lib shell32.lib ole32.lib oleaut32.lib uuid.lib odbc32.lib odbccp32.lib /MANIFEST /ManifestFile:"release\FIT0201CHERESHNEV_TVSet.exe.intermediate.manifest" /MANIFESTUAC:"level='asInvoker' uiAccess='false'" /PDB:"C:\Qt\Projects\ComputerGraphics\FIT0201CHERESHNEV_TVSet\release\FIT0201CHERESHNEV_TVSet.pdb" /SUBSYSTEM:WINDOWS /TLBID:1 /DYNAMICBASE /NXCOMPAT /MACHINE:X86 "/MANIFESTDEPENDENCY:type='win32' name='Microsoft.Windows.Common-Controls' version='6.0.0.0' publicKeyToken='6595b64144ccf1df' language='*' processorArchitecture='*'" release\converserec.obj
         release\graphicshelper.obj
         release\graphicsscene.obj
         release\main.obj
         release\mainwindow.obj
         release\renderthread.obj
         release\moc_graphicsscene.obj
         release\moc_mainwindow.obj
         release\moc_renderthread.obj
         release\qrc_tvset.obj
         FIT0201CHERESHNEV_TVSet.vcxproj -> C:\Qt\Projects\ComputerGraphics\FIT0201CHERESHNEV_TVSet\release\FIT0201CHERESHNEV_TVSet.exe
       Manifest:
         c:\Program Files\Microsoft SDKs\Windows\v7.0A\bin\mt.exe /nologo /verbose /out:"C:\Qt\Projects\ComputerGraphics\FIT0201CHERESHNEV_TVSet\release\FIT0201CHERESHNEV_TVSet.exe.manifest" /manifest release\FIT0201CHERESHNEV_TVSet.exe.intermediate.manifest
       FinalizeBuildStatus:
         Deleting file "release\FIT0201CHERESHNEV_TVSet.unsuccessfulbuild".
         Touching "release\FIT0201CHERESHNEV_TVSet.lastbuildstate".
     1>Done Building Project "C:\Qt\Projects\ComputerGraphics\FIT0201CHERESHNEV_TVSet\FIT0201CHERESHNEV_TVSet.vcxproj" (Build target(s)).

Build succeeded.

Time Elapsed 00:00:14.68
